[0706/145940.375:ERROR:process_memory_win.cc(73)] ReadMemory at 0x7ff740310000 of 64 bytes failed: 僅完成部分的 ReadProcessMemory 或 WriteProcessMemory 要求。 (0x12B)
[0706/145940.376:WARNING:pe_image_reader.cc(340)] could not read dos header from C:\Program Files (x86)\Google\Chrome\Application\chrome.exe
[0706/145940.376:ERROR:process_memory_win.cc(73)] ReadMemory at 0x7ffb884e0000 of 64 bytes failed: 僅完成部分的 ReadProcessMemory 或 WriteProcessMemory 要求。 (0x12B)
[0706/145940.376:WARNING:pe_image_reader.cc(340)] could not read dos header from C:\windows\SYSTEM32\ntdll.dll
[0706/145940.376:ERROR:process_memory_win.cc(73)] ReadMemory at 0x7ffb87220000 of 64 bytes failed: 僅完成部分的 ReadProcessMemory 或 WriteProcessMemory 要求。 (0x12B)
[0706/145940.376:WARNING:pe_image_reader.cc(340)] could not read dos header from C:\windows\System32\KERNEL32.DLL
[0706/145940.376:ERROR:process_memory_win.cc(73)] ReadMemory at 0x7ffb85a90000 of 64 bytes failed: 僅完成部分的 ReadProcessMemory 或 WriteProcessMemory 要求。 (0x12B)
[0706/145940.376:WARNING:pe_image_reader.cc(340)] could not read dos header from C:\windows\System32\KERNELBASE.dll
[0706/145940.376:ERROR:process_memory_win.cc(73)] ReadMemory at 0x7ffb645f0000 of 64 bytes failed: 僅完成部分的 ReadProcessMemory 或 WriteProcessMemory 要求。 (0x12B)
[0706/145940.376:WARNING:pe_image_reader.cc(340)] could not read dos header from C:\Program Files (x86)\Google\Chrome\Application\83.0.4103.116\chrome_elf.dll
[0706/145940.376:ERROR:process_memory_win.cc(73)] ReadMemory at 0x7ffb7def0000 of 64 bytes failed: 僅完成部分的 ReadProcessMemory 或 WriteProcessMemory 要求。 (0x12B)
[0706/145940.376:WARNING:pe_image_reader.cc(340)] could not read dos header from C:\windows\SYSTEM32\VERSION.dll
[0706/145940.376:ERROR:process_memory_win.cc(73)] ReadMemory at 0x7ffb88400000 of 64 bytes failed: 僅完成部分的 ReadProcessMemory 或 WriteProcessMemory 要求。 (0x12B)
[0706/145940.376:WARNING:pe_image_reader.cc(340)] could not read dos header from C:\windows\System32\msvcrt.dll
[0706/145940.376:ERROR:process_memory_win.cc(73)] ReadMemory at 0x7ffb85910000 of 64 bytes failed: 僅完成部分的 ReadProcessMemory 或 WriteProcessMemory 要求。 (0x12B)
[0706/145940.377:WARNING:pe_image_reader.cc(340)] could not read dos header from C:\windows\System32\bcryptPrimitives.dll
[0706/145940.377:ERROR:process_memory_win.cc(73)] ReadMemory at 0x7ffb87110000 of 64 bytes failed: 僅完成部分的 ReadProcessMemory 或 WriteProcessMemory 要求。 (0x12B)
[0706/145940.377:WARNING:pe_image_reader.cc(340)] could not read dos header from C:\windows\System32\ADVAPI32.dll
[0706/145940.377:ERROR:process_memory_win.cc(73)] ReadMemory at 0x7ffb878a0000 of 64 bytes failed: 僅完成部分的 ReadProcessMemory 或 WriteProcessMemory 要求。 (0x12B)
[0706/145940.377:WARNING:pe_image_reader.cc(340)] could not read dos header from C:\windows\System32\sechost.dll
[0706/145940.377:ERROR:process_memory_win.cc(73)] ReadMemory at 0x7ffb88060000 of 64 bytes failed: 僅完成部分的 ReadProcessMemory 或 WriteProcessMemory 要求。 (0x12B)
[0706/145940.377:WARNING:pe_image_reader.cc(340)] could not read dos header from C:\windows\System32\RPCRT4.dll
[0706/145940.377:ERROR:process_memory_win.cc(73)] ReadMemory at 0x7ffaf52b0000 of 64 bytes failed: 僅完成部分的 ReadProcessMemory 或 WriteProcessMemory 要求。 (0x12B)
[0706/145940.377:WARNING:pe_image_reader.cc(340)] could not read dos header from C:\Program Files (x86)\Google\Chrome\Application\83.0.4103.116\chrome.dll
[0706/145940.377:ERROR:process_memory_win.cc(73)] ReadMemory at 0x7ffb87ae0000 of 64 bytes failed: 僅完成部分的 ReadProcessMemory 或 WriteProcessMemory 要求。 (0x12B)
[0706/145940.377:WARNING:pe_image_reader.cc(340)] could not read dos header from C:\windows\System32\WS2_32.dll
[0706/145940.377:ERROR:process_memory_win.cc(73)] ReadMemory at 0x7ffb87360000 of 64 bytes failed: 僅完成部分的 ReadProcessMemory 或 WriteProcessMemory 要求。 (0x12B)
[0706/145940.377:WARNING:pe_image_reader.cc(340)] could not read dos header from C:\windows\System32\OLEAUT32.dll
[0706/145940.377:ERROR:process_memory_win.cc(73)] ReadMemory at 0x7ffb859f0000 of 64 bytes failed: 僅完成部分的 ReadProcessMemory 或 WriteProcessMemory 要求。 (0x12B)
[0706/145940.377:WARNING:pe_image_reader.cc(340)] could not read dos header from C:\windows\System32\msvcp_win.dll
[0706/145940.377:ERROR:process_memory_win.cc(73)] ReadMemory at 0x7ffb85470000 of 64 bytes failed: 僅完成部分的 ReadProcessMemory 或 WriteProcessMemory 要求。 (0x12B)
[0706/145940.377:WARNING:pe_image_reader.cc(340)] could not read dos header from C:\windows\System32\ucrtbase.dll
[0706/145940.377:ERROR:process_memory_win.cc(73)] ReadMemory at 0x7ffb86cf0000 of 64 bytes failed: 僅完成部分的 ReadProcessMemory 或 WriteProcessMemory 要求。 (0x12B)
[0706/145940.377:WARNING:pe_image_reader.cc(340)] could not read dos header from C:\windows\System32\combase.dll
[0706/145940.377:ERROR:process_memory_win.cc(73)] ReadMemory at 0x7ffb85990000 of 64 bytes failed: 僅完成部分的 ReadProcessMemory 或 WriteProcessMemory 要求。 (0x12B)
[0706/145940.377:WARNING:pe_image_reader.cc(340)] could not read dos header from C:\windows\System32\WINTRUST.dll
[0706/145940.377:ERROR:process_memory_win.cc(73)] ReadMemory at 0x7ffb853b0000 of 64 bytes failed: 僅完成部分的 ReadProcessMemory 或 WriteProcessMemory 要求。 (0x12B)
[0706/145940.377:WARNING:pe_image_reader.cc(340)] could not read dos header from C:\windows\System32\MSASN1.dll
[0706/145940.377:ERROR:process_memory_win.cc(73)] ReadMemory at 0x7ffb85620000 of 64 bytes failed: 僅完成部分的 ReadProcessMemory 或 WriteProcessMemory 要求。 (0x12B)
[0706/145940.377:WARNING:pe_image_reader.cc(340)] could not read dos header from C:\windows\System32\CRYPT32.dll
[0706/145940.377:ERROR:process_memory_win.cc(73)] ReadMemory at 0x7ffb84920000 of 64 bytes failed: 僅完成部分的 ReadProcessMemory 或 WriteProcessMemory 要求。 (0x12B)
[0706/145940.377:WARNING:pe_image_reader.cc(340)] could not read dos header from C:\windows\SYSTEM32\IPHLPAPI.DLL
[0706/145940.377:ERROR:process_memory_win.cc(73)] ReadMemory at 0x7ffb82900000 of 64 bytes failed: 僅完成部分的 ReadProcessMemory 或 WriteProcessMemory 要求。 (0x12B)
[0706/145940.377:WARNING:pe_image_reader.cc(340)] could not read dos header from C:\windows\SYSTEM32\WINMM.dll
[0706/145940.377:ERROR:process_memory_win.cc(73)] ReadMemory at 0x7ffb68dc0000 of 64 bytes failed: 僅完成部分的 ReadProcessMemory 或 WriteProcessMemory 要求。 (0x12B)
[0706/145940.377:WARNING:pe_image_reader.cc(340)] could not read dos header from C:\windows\SYSTEM32\Secur32.dll
[0706/145940.377:ERROR:process_memory_win.cc(73)] ReadMemory at 0x7ffb852c0000 of 64 bytes failed: 僅完成部分的 ReadProcessMemory 或 WriteProcessMemory 要求。 (0x12B)
[0706/145940.377:WARNING:pe_image_reader.cc(340)] could not read dos header from C:\windows\SYSTEM32\USERENV.dll
[0706/145940.377:ERROR:process_memory_win.cc(73)] ReadMemory at 0x7ffb853f0000 of 64 bytes failed: 僅完成部分的 ReadProcessMemory 或 WriteProcessMemory 要求。 (0x12B)
[0706/145940.377:WARNING:pe_image_reader.cc(340)] could not read dos header from C:\windows\System32\profapi.dll
[0706/145940.377:ERROR:process_memory_win.cc(73)] ReadMemory at 0x7ffb4db80000 of 64 bytes failed: 僅完成部分的 ReadProcessMemory 或 WriteProcessMemory 要求。 (0x12B)
[0706/145940.377:WARNING:pe_image_reader.cc(340)] could not read dos header from C:\windows\SYSTEM32\UIAutomationCore.DLL
[0706/145940.377:ERROR:process_memory_win.cc(73)] ReadMemory at 0x7ffb58150000 of 64 bytes failed: 僅完成部分的 ReadProcessMemory 或 WriteProcessMemory 要求。 (0x12B)
[0706/145940.377:WARNING:pe_image_reader.cc(340)] could not read dos header from C:\windows\SYSTEM32\DWrite.dll
[0706/145940.377:ERROR:process_memory_win.cc(73)] ReadMemory at 0x7ffb70190000 of 64 bytes failed: 僅完成部分的 ReadProcessMemory 或 WriteProcessMemory 要求。 (0x12B)
[0706/145940.377:WARNING:pe_image_reader.cc(340)] could not read dos header from C:\windows\SYSTEM32\WINSPOOL.DRV
[0706/145940.377:ERROR:process_memory_win.cc(73)] ReadMemory at 0x7ffb853d0000 of 64 bytes failed: 僅完成部分的 ReadProcessMemory 或 WriteProcessMemory 要求。 (0x12B)
[0706/145940.377:WARNING:pe_image_reader.cc(340)] could not read dos header from C:\windows\System32\kernel.appcore.dll
[0706/145940.377:ERROR:process_memory_win.cc(73)] ReadMemory at 0x7ffb864f0000 of 64 bytes failed: 僅完成部分的 ReadProcessMemory 或 WriteProcessMemory 要求。 (0x12B)
[0706/145940.377:WARNING:pe_image_reader.cc(340)] could not read dos header from C:\windows\System32\bcrypt.dll
[0706/145940.377:ERROR:process_memory_win.cc(73)] ReadMemory at 0x7ffb83ce0000 of 64 bytes failed: 僅完成部分的 ReadProcessMemory 或 WriteProcessMemory 要求。 (0x12B)
[0706/145940.377:WARNING:pe_image_reader.cc(340)] could not read dos header from C:\windows\SYSTEM32\dbghelp.dll
[0706/145940.377:ERROR:process_memory_win.cc(73)] ReadMemory at 0x7ffb709d0000 of 64 bytes failed: 僅完成部分的 ReadProcessMemory 或 WriteProcessMemory 要求。 (0x12B)
[0706/145940.377:WARNING:pe_image_reader.cc(340)] could not read dos header from C:\windows\SYSTEM32\WINHTTP.dll
[0706/145940.377:ERROR:process_memory_win.cc(73)] ReadMemory at 0x7ffb7bf90000 of 64 bytes failed: 僅完成部分的 ReadProcessMemory 或 WriteProcessMemory 要求。 (0x12B)
[0706/145940.377:WARNING:pe_image_reader.cc(340)] could not read dos header from C:\windows\SYSTEM32\dhcpcsvc.DLL
[0706/145940.377:ERROR:process_memory_win.cc(73)] ReadMemory at 0x7ffb86ce0000 of 64 bytes failed: 僅完成部分的 ReadProcessMemory 或 WriteProcessMemory 要求。 (0x12B)
[0706/145940.377:WARNING:pe_image_reader.cc(340)] could not read dos header from C:\windows\System32\NSI.dll
[0706/145940.377:ERROR:process_memory_win.cc(73)] ReadMemory at 0x7ffb827e0000 of 64 bytes failed: 僅完成部分的 ReadProcessMemory 或 WriteProcessMemory 要求。 (0x12B)
[0706/145940.378:WARNING:pe_image_reader.cc(340)] could not read dos header from C:\windows\SYSTEM32\WINMMBASE.dll
[0706/145940.378:ERROR:process_memory_win.cc(73)] ReadMemory at 0x7ffb86520000 of 64 bytes failed: 僅完成部分的 ReadProcessMemory 或 WriteProcessMemory 要求。 (0x12B)
[0706/145940.378:WARNING:pe_image_reader.cc(340)] could not read dos header from C:\windows\System32\cfgmgr32.dll
[0706/145940.378:ERROR:process_memory_win.cc(73)] ReadMemory at 0x7ffb82810000 of 64 bytes failed: 僅完成部分的 ReadProcessMemory 或 WriteProcessMemory 要求。 (0x12B)
[0706/145940.378:WARNING:pe_image_reader.cc(340)] could not read dos header from C:\windows\SYSTEM32\PROPSYS.dll
[0706/145940.378:ERROR:process_memory_win.cc(73)] ReadMemory at 0x7ffb87060000 of 64 bytes failed: 僅完成部分的 ReadProcessMemory 或 WriteProcessMemory 要求。 (0x12B)
[0706/145940.378:WARNING:pe_image_reader.cc(340)] could not read dos header from C:\windows\System32\shcore.dll
[0706/145940.378:ERROR:process_memory_win.cc(73)] ReadMemory at 0x7ffb85290000 of 64 bytes failed: 僅完成部分的 ReadProcessMemory 或 WriteProcessMemory 要求。 (0x12B)
[0706/145940.378:WARNING:pe_image_reader.cc(340)] could not read dos header from C:\windows\SYSTEM32\SSPICLI.DLL
[0706/145940.378:ERROR:process_memory_win.cc(73)] ReadMemory at 0x7ffb84de0000 of 64 bytes failed: 僅完成部分的 ReadProcessMemory 或 WriteProcessMemory 要求。 (0x12B)
[0706/145940.378:WARNING:pe_image_reader.cc(340)] could not read dos header from C:\windows\SYSTEM32\CRYPTBASE.DLL
[0706/145940.382:ERROR:process_memory_win.cc(73)] ReadMemory at 0x7ff740310000 of 64 bytes failed: 僅完成部分的 ReadProcessMemory 或 WriteProcessMemory 要求。 (0x12B)
[0706/145940.382:WARNING:pe_image_reader.cc(340)] could not read dos header from C:\Program Files (x86)\Google\Chrome\Application\chrome.exe
[0706/145940.382:ERROR:process_memory_win.cc(73)] ReadMemory at 0x7ffb884e0000 of 64 bytes failed: 僅完成部分的 ReadProcessMemory 或 WriteProcessMemory 要求。 (0x12B)
[0706/145940.382:WARNING:pe_image_reader.cc(340)] could not read dos header from C:\windows\SYSTEM32\ntdll.dll
[0706/145940.382:ERROR:process_memory_win.cc(73)] ReadMemory at 0x7ffb87220000 of 64 bytes failed: 僅完成部分的 ReadProcessMemory 或 WriteProcessMemory 要求。 (0x12B)
[0706/145940.382:WARNING:pe_image_reader.cc(340)] could not read dos header from C:\windows\System32\KERNEL32.DLL
[0706/145940.383:ERROR:process_memory_win.cc(73)] ReadMemory at 0x7ffb85a90000 of 64 bytes failed: 僅完成部分的 ReadProcessMemory 或 WriteProcessMemory 要求。 (0x12B)
[0706/145940.383:WARNING:pe_image_reader.cc(340)] could not read dos header from C:\windows\System32\KERNELBASE.dll
[0706/145940.383:ERROR:process_memory_win.cc(73)] ReadMemory at 0x7ffb645f0000 of 64 bytes failed: 僅完成部分的 ReadProcessMemory 或 WriteProcessMemory 要求。 (0x12B)
[0706/145940.383:WARNING:pe_image_reader.cc(340)] could not read dos header from C:\Program Files (x86)\Google\Chrome\Application\83.0.4103.116\chrome_elf.dll
[0706/145940.383:ERROR:process_memory_win.cc(73)] ReadMemory at 0x7ffb7def0000 of 64 bytes failed: 僅完成部分的 ReadProcessMemory 或 WriteProcessMemory 要求。 (0x12B)
[0706/145940.383:WARNING:pe_image_reader.cc(340)] could not read dos header from C:\windows\SYSTEM32\VERSION.dll
[0706/145940.383:ERROR:process_memory_win.cc(73)] ReadMemory at 0x7ffb88400000 of 64 bytes failed: 僅完成部分的 ReadProcessMemory 或 WriteProcessMemory 要求。 (0x12B)
[0706/145940.383:WARNING:pe_image_reader.cc(340)] could not read dos header from C:\windows\System32\msvcrt.dll
[0706/145940.383:ERROR:process_memory_win.cc(73)] ReadMemory at 0x7ffb85910000 of 64 bytes failed: 僅完成部分的 ReadProcessMemory 或 WriteProcessMemory 要求。 (0x12B)
[0706/145940.383:WARNING:pe_image_reader.cc(340)] could not read dos header from C:\windows\System32\bcryptPrimitives.dll
[0706/145940.383:ERROR:process_memory_win.cc(73)] ReadMemory at 0x7ffb87110000 of 64 bytes failed: 僅完成部分的 ReadProcessMemory 或 WriteProcessMemory 要求。 (0x12B)
[0706/145940.383:WARNING:pe_image_reader.cc(340)] could not read dos header from C:\windows\System32\ADVAPI32.dll
[0706/145940.383:ERROR:process_memory_win.cc(73)] ReadMemory at 0x7ffb878a0000 of 64 bytes failed: 僅完成部分的 ReadProcessMemory 或 WriteProcessMemory 要求。 (0x12B)
[0706/145940.383:WARNING:pe_image_reader.cc(340)] could not read dos header from C:\windows\System32\sechost.dll
[0706/145940.383:ERROR:process_memory_win.cc(73)] ReadMemory at 0x7ffb88060000 of 64 bytes failed: 僅完成部分的 ReadProcessMemory 或 WriteProcessMemory 要求。 (0x12B)
[0706/145940.383:WARNING:pe_image_reader.cc(340)] could not read dos header from C:\windows\System32\RPCRT4.dll
[0706/145940.383:ERROR:process_memory_win.cc(73)] ReadMemory at 0x7ffaf52b0000 of 64 bytes failed: 僅完成部分的 ReadProcessMemory 或 WriteProcessMemory 要求。 (0x12B)
[0706/145940.383:WARNING:pe_image_reader.cc(340)] could not read dos header from C:\Program Files (x86)\Google\Chrome\Application\83.0.4103.116\chrome.dll
[0706/145940.383:ERROR:process_memory_win.cc(73)] ReadMemory at 0x7ffb87ae0000 of 64 bytes failed: 僅完成部分的 ReadProcessMemory 或 WriteProcessMemory 要求。 (0x12B)
[0706/145940.383:WARNING:pe_image_reader.cc(340)] could not read dos header from C:\windows\System32\WS2_32.dll
[0706/145940.383:ERROR:process_memory_win.cc(73)] ReadMemory at 0x7ffb87360000 of 64 bytes failed: 僅完成部分的 ReadProcessMemory 或 WriteProcessMemory 要求。 (0x12B)
[0706/145940.383:WARNING:pe_image_reader.cc(340)] could not read dos header from C:\windows\System32\OLEAUT32.dll
[0706/145940.383:ERROR:process_memory_win.cc(73)] ReadMemory at 0x7ffb859f0000 of 64 bytes failed: 僅完成部分的 ReadProcessMemory 或 WriteProcessMemory 要求。 (0x12B)
[0706/145940.383:WARNING:pe_image_reader.cc(340)] could not read dos header from C:\windows\System32\msvcp_win.dll
[0706/145940.383:ERROR:process_memory_win.cc(73)] ReadMemory at 0x7ffb85470000 of 64 bytes failed: 僅完成部分的 ReadProcessMemory 或 WriteProcessMemory 要求。 (0x12B)
[0706/145940.383:WARNING:pe_image_reader.cc(340)] could not read dos header from C:\windows\System32\ucrtbase.dll
[0706/145940.383:ERROR:process_memory_win.cc(73)] ReadMemory at 0x7ffb86cf0000 of 64 bytes failed: 僅完成部分的 ReadProcessMemory 或 WriteProcessMemory 要求。 (0x12B)
[0706/145940.383:WARNING:pe_image_reader.cc(340)] could not read dos header from C:\windows\System32\combase.dll
[0706/145940.383:ERROR:process_memory_win.cc(73)] ReadMemory at 0x7ffb85990000 of 64 bytes failed: 僅完成部分的 ReadProcessMemory 或 WriteProcessMemory 要求。 (0x12B)
[0706/145940.383:WARNING:pe_image_reader.cc(340)] could not read dos header from C:\windows\System32\WINTRUST.dll
[0706/145940.383:ERROR:process_memory_win.cc(73)] ReadMemory at 0x7ffb853b0000 of 64 bytes failed: 僅完成部分的 ReadProcessMemory 或 WriteProcessMemory 要求。 (0x12B)
[0706/145940.383:WARNING:pe_image_reader.cc(340)] could not read dos header from C:\windows\System32\MSASN1.dll
[0706/145940.383:ERROR:process_memory_win.cc(73)] ReadMemory at 0x7ffb85620000 of 64 bytes failed: 僅完成部分的 ReadProcessMemory 或 WriteProcessMemory 要求。 (0x12B)
[0706/145940.383:WARNING:pe_image_reader.cc(340)] could not read dos header from C:\windows\System32\CRYPT32.dll
[0706/145940.383:ERROR:process_memory_win.cc(73)] ReadMemory at 0x7ffb84920000 of 64 bytes failed: 僅完成部分的 ReadProcessMemory 或 WriteProcessMemory 要求。 (0x12B)
[0706/145940.383:WARNING:pe_image_reader.cc(340)] could not read dos header from C:\windows\SYSTEM32\IPHLPAPI.DLL
[0706/145940.383:ERROR:process_memory_win.cc(73)] ReadMemory at 0x7ffb82900000 of 64 bytes failed: 僅完成部分的 ReadProcessMemory 或 WriteProcessMemory 要求。 (0x12B)
[0706/145940.383:WARNING:pe_image_reader.cc(340)] could not read dos header from C:\windows\SYSTEM32\WINMM.dll
[0706/145940.383:ERROR:process_memory_win.cc(73)] ReadMemory at 0x7ffb68dc0000 of 64 bytes failed: 僅完成部分的 ReadProcessMemory 或 WriteProcessMemory 要求。 (0x12B)
[0706/145940.383:WARNING:pe_image_reader.cc(340)] could not read dos header from C:\windows\SYSTEM32\Secur32.dll
[0706/145940.383:ERROR:process_memory_win.cc(73)] ReadMemory at 0x7ffb852c0000 of 64 bytes failed: 僅完成部分的 ReadProcessMemory 或 WriteProcessMemory 要求。 (0x12B)
[0706/145940.383:WARNING:pe_image_reader.cc(340)] could not read dos header from C:\windows\SYSTEM32\USERENV.dll
[0706/145940.383:ERROR:process_memory_win.cc(73)] ReadMemory at 0x7ffb853f0000 of 64 bytes failed: 僅完成部分的 ReadProcessMemory 或 WriteProcessMemory 要求。 (0x12B)
[0706/145940.383:WARNING:pe_image_reader.cc(340)] could not read dos header from C:\windows\System32\profapi.dll
[0706/145940.383:ERROR:process_memory_win.cc(73)] ReadMemory at 0x7ffb4db80000 of 64 bytes failed: 僅完成部分的 ReadProcessMemory 或 WriteProcessMemory 要求。 (0x12B)
[0706/145940.383:WARNING:pe_image_reader.cc(340)] could not read dos header from C:\windows\SYSTEM32\UIAutomationCore.DLL
[0706/145940.383:ERROR:process_memory_win.cc(73)] ReadMemory at 0x7ffb58150000 of 64 bytes failed: 僅完成部分的 ReadProcessMemory 或 WriteProcessMemory 要求。 (0x12B)
[0706/145940.383:WARNING:pe_image_reader.cc(340)] could not read dos header from C:\windows\SYSTEM32\DWrite.dll
[0706/145940.383:ERROR:process_memory_win.cc(73)] ReadMemory at 0x7ffb70190000 of 64 bytes failed: 僅完成部分的 ReadProcessMemory 或 WriteProcessMemory 要求。 (0x12B)
[0706/145940.383:WARNING:pe_image_reader.cc(340)] could not read dos header from C:\windows\SYSTEM32\WINSPOOL.DRV
[0706/145940.383:ERROR:process_memory_win.cc(73)] ReadMemory at 0x7ffb853d0000 of 64 bytes failed: 僅完成部分的 ReadProcessMemory 或 WriteProcessMemory 要求。 (0x12B)
[0706/145940.383:WARNING:pe_image_reader.cc(340)] could not read dos header from C:\windows\System32\kernel.appcore.dll
[0706/145940.383:ERROR:process_memory_win.cc(73)] ReadMemory at 0x7ffb864f0000 of 64 bytes failed: 僅完成部分的 ReadProcessMemory 或 WriteProcessMemory 要求。 (0x12B)
[0706/145940.383:WARNING:pe_image_reader.cc(340)] could not read dos header from C:\windows\System32\bcrypt.dll
[0706/145940.384:ERROR:process_memory_win.cc(73)] ReadMemory at 0x7ffb83ce0000 of 64 bytes failed: 僅完成部分的 ReadProcessMemory 或 WriteProcessMemory 要求。 (0x12B)
[0706/145940.384:WARNING:pe_image_reader.cc(340)] could not read dos header from C:\windows\SYSTEM32\dbghelp.dll
[0706/145940.384:ERROR:process_memory_win.cc(73)] ReadMemory at 0x7ffb709d0000 of 64 bytes failed: 僅完成部分的 ReadProcessMemory 或 WriteProcessMemory 要求。 (0x12B)
[0706/145940.384:WARNING:pe_image_reader.cc(340)] could not read dos header from C:\windows\SYSTEM32\WINHTTP.dll
[0706/145940.384:ERROR:process_memory_win.cc(73)] ReadMemory at 0x7ffb7bf90000 of 64 bytes failed: 僅完成部分的 ReadProcessMemory 或 WriteProcessMemory 要求。 (0x12B)
[0706/145940.384:WARNING:pe_image_reader.cc(340)] could not read dos header from C:\windows\SYSTEM32\dhcpcsvc.DLL
[0706/145940.384:ERROR:process_memory_win.cc(73)] ReadMemory at 0x7ffb86ce0000 of 64 bytes failed: 僅完成部分的 ReadProcessMemory 或 WriteProcessMemory 要求。 (0x12B)
[0706/145940.384:WARNING:pe_image_reader.cc(340)] could not read dos header from C:\windows\System32\NSI.dll
[0706/145940.384:ERROR:process_memory_win.cc(73)] ReadMemory at 0x7ffb827e0000 of 64 bytes failed: 僅完成部分的 ReadProcessMemory 或 WriteProcessMemory 要求。 (0x12B)
[0706/145940.384:WARNING:pe_image_reader.cc(340)] could not read dos header from C:\windows\SYSTEM32\WINMMBASE.dll
[0706/145940.384:ERROR:process_memory_win.cc(73)] ReadMemory at 0x7ffb86520000 of 64 bytes failed: 僅完成部分的 ReadProcessMemory 或 WriteProcessMemory 要求。 (0x12B)
[0706/145940.384:WARNING:pe_image_reader.cc(340)] could not read dos header from C:\windows\System32\cfgmgr32.dll
[0706/145940.384:ERROR:process_memory_win.cc(73)] ReadMemory at 0x7ffb82810000 of 64 bytes failed: 僅完成部分的 ReadProcessMemory 或 WriteProcessMemory 要求。 (0x12B)
[0706/145940.384:WARNING:pe_image_reader.cc(340)] could not read dos header from C:\windows\SYSTEM32\PROPSYS.dll
[0706/145940.384:ERROR:process_memory_win.cc(73)] ReadMemory at 0x7ffb87060000 of 64 bytes failed: 僅完成部分的 ReadProcessMemory 或 WriteProcessMemory 要求。 (0x12B)
[0706/145940.384:WARNING:pe_image_reader.cc(340)] could not read dos header from C:\windows\System32\shcore.dll
[0706/145940.384:ERROR:process_memory_win.cc(73)] ReadMemory at 0x7ffb85290000 of 64 bytes failed: 僅完成部分的 ReadProcessMemory 或 WriteProcessMemory 要求。 (0x12B)
[0706/145940.384:WARNING:pe_image_reader.cc(340)] could not read dos header from C:\windows\SYSTEM32\SSPICLI.DLL
[0706/145940.384:ERROR:process_memory_win.cc(73)] ReadMemory at 0x7ffb84de0000 of 64 bytes failed: 僅完成部分的 ReadProcessMemory 或 WriteProcessMemory 要求。 (0x12B)
[0706/145940.384:WARNING:pe_image_reader.cc(340)] could not read dos header from C:\windows\SYSTEM32\CRYPTBASE.DLL
[0706/145940.384:ERROR:process_memory_win.cc(73)] ReadMemory at 0x7ff740310000 of 64 bytes failed: 僅完成部分的 ReadProcessMemory 或 WriteProcessMemory 要求。 (0x12B)
[0706/145940.384:WARNING:pe_image_reader.cc(340)] could not read dos header from C:\Program Files (x86)\Google\Chrome\Application\chrome.exe
[0706/145940.384:ERROR:process_memory_win.cc(73)] ReadMemory at 0x7ffb884e0000 of 64 bytes failed: 僅完成部分的 ReadProcessMemory 或 WriteProcessMemory 要求。 (0x12B)
[0706/145940.384:WARNING:pe_image_reader.cc(340)] could not read dos header from C:\windows\SYSTEM32\ntdll.dll
[0706/145940.384:ERROR:process_memory_win.cc(73)] ReadMemory at 0x7ffb87220000 of 64 bytes failed: 僅完成部分的 ReadProcessMemory 或 WriteProcessMemory 要求。 (0x12B)
[0706/145940.384:WARNING:pe_image_reader.cc(340)] could not read dos header from C:\windows\System32\KERNEL32.DLL
[0706/145940.384:ERROR:process_memory_win.cc(73)] ReadMemory at 0x7ffb85a90000 of 64 bytes failed: 僅完成部分的 ReadProcessMemory 或 WriteProcessMemory 要求。 (0x12B)
[0706/145940.384:WARNING:pe_image_reader.cc(340)] could not read dos header from C:\windows\System32\KERNELBASE.dll
[0706/145940.384:ERROR:process_memory_win.cc(73)] ReadMemory at 0x7ffb645f0000 of 64 bytes failed: 僅完成部分的 ReadProcessMemory 或 WriteProcessMemory 要求。 (0x12B)
[0706/145940.384:WARNING:pe_image_reader.cc(340)] could not read dos header from C:\Program Files (x86)\Google\Chrome\Application\83.0.4103.116\chrome_elf.dll
[0706/145940.384:ERROR:process_memory_win.cc(73)] ReadMemory at 0x7ffb7def0000 of 64 bytes failed: 僅完成部分的 ReadProcessMemory 或 WriteProcessMemory 要求。 (0x12B)
[0706/145940.384:WARNING:pe_image_reader.cc(340)] could not read dos header from C:\windows\SYSTEM32\VERSION.dll
[0706/145940.384:ERROR:process_memory_win.cc(73)] ReadMemory at 0x7ffb88400000 of 64 bytes failed: 僅完成部分的 ReadProcessMemory 或 WriteProcessMemory 要求。 (0x12B)
[0706/145940.384:WARNING:pe_image_reader.cc(340)] could not read dos header from C:\windows\System32\msvcrt.dll
[0706/145940.384:ERROR:process_memory_win.cc(73)] ReadMemory at 0x7ffb85910000 of 64 bytes failed: 僅完成部分的 ReadProcessMemory 或 WriteProcessMemory 要求。 (0x12B)
[0706/145940.384:WARNING:pe_image_reader.cc(340)] could not read dos header from C:\windows\System32\bcryptPrimitives.dll
[0706/145940.384:ERROR:process_memory_win.cc(73)] ReadMemory at 0x7ffb87110000 of 64 bytes failed: 僅完成部分的 ReadProcessMemory 或 WriteProcessMemory 要求。 (0x12B)
[0706/145940.384:WARNING:pe_image_reader.cc(340)] could not read dos header from C:\windows\System32\ADVAPI32.dll
[0706/145940.384:ERROR:process_memory_win.cc(73)] ReadMemory at 0x7ffb878a0000 of 64 bytes failed: 僅完成部分的 ReadProcessMemory 或 WriteProcessMemory 要求。 (0x12B)
[0706/145940.384:WARNING:pe_image_reader.cc(340)] could not read dos header from C:\windows\System32\sechost.dll
[0706/145940.384:ERROR:process_memory_win.cc(73)] ReadMemory at 0x7ffb88060000 of 64 bytes failed: 僅完成部分的 ReadProcessMemory 或 WriteProcessMemory 要求。 (0x12B)
[0706/145940.384:WARNING:pe_image_reader.cc(340)] could not read dos header from C:\windows\System32\RPCRT4.dll
[0706/145940.384:ERROR:process_memory_win.cc(73)] ReadMemory at 0x7ffaf52b0000 of 64 bytes failed: 僅完成部分的 ReadProcessMemory 或 WriteProcessMemory 要求。 (0x12B)
[0706/145940.384:WARNING:pe_image_reader.cc(340)] could not read dos header from C:\Program Files (x86)\Google\Chrome\Application\83.0.4103.116\chrome.dll
[0706/145940.384:ERROR:process_memory_win.cc(73)] ReadMemory at 0x7ffb87ae0000 of 64 bytes failed: 僅完成部分的 ReadProcessMemory 或 WriteProcessMemory 要求。 (0x12B)
[0706/145940.384:WARNING:pe_image_reader.cc(340)] could not read dos header from C:\windows\System32\WS2_32.dll
[0706/145940.384:ERROR:process_memory_win.cc(73)] ReadMemory at 0x7ffb87360000 of 64 bytes failed: 僅完成部分的 ReadProcessMemory 或 WriteProcessMemory 要求。 (0x12B)
[0706/145940.384:WARNING:pe_image_reader.cc(340)] could not read dos header from C:\windows\System32\OLEAUT32.dll
[0706/145940.384:ERROR:process_memory_win.cc(73)] ReadMemory at 0x7ffb859f0000 of 64 bytes failed: 僅完成部分的 ReadProcessMemory 或 WriteProcessMemory 要求。 (0x12B)
[0706/145940.384:WARNING:pe_image_reader.cc(340)] could not read dos header from C:\windows\System32\msvcp_win.dll
[0706/145940.384:ERROR:process_memory_win.cc(73)] ReadMemory at 0x7ffb85470000 of 64 bytes failed: 僅完成部分的 ReadProcessMemory 或 WriteProcessMemory 要求。 (0x12B)
[0706/145940.384:WARNING:pe_image_reader.cc(340)] could not read dos header from C:\windows\System32\ucrtbase.dll
[0706/145940.384:ERROR:process_memory_win.cc(73)] ReadMemory at 0x7ffb86cf0000 of 64 bytes failed: 僅完成部分的 ReadProcessMemory 或 WriteProcessMemory 要求。 (0x12B)
[0706/145940.384:WARNING:pe_image_reader.cc(340)] could not read dos header from C:\windows\System32\combase.dll
[0706/145940.384:ERROR:process_memory_win.cc(73)] ReadMemory at 0x7ffb85990000 of 64 bytes failed: 僅完成部分的 ReadProcessMemory 或 WriteProcessMemory 要求。 (0x12B)
[0706/145940.384:WARNING:pe_image_reader.cc(340)] could not read dos header from C:\windows\System32\WINTRUST.dll
[0706/145940.384:ERROR:process_memory_win.cc(73)] ReadMemory at 0x7ffb853b0000 of 64 bytes failed: 僅完成部分的 ReadProcessMemory 或 WriteProcessMemory 要求。 (0x12B)
[0706/145940.384:WARNING:pe_image_reader.cc(340)] could not read dos header from C:\windows\System32\MSASN1.dll
[0706/145940.385:ERROR:process_memory_win.cc(73)] ReadMemory at 0x7ffb85620000 of 64 bytes failed: 僅完成部分的 ReadProcessMemory 或 WriteProcessMemory 要求。 (0x12B)
[0706/145940.385:WARNING:pe_image_reader.cc(340)] could not read dos header from C:\windows\System32\CRYPT32.dll
[0706/145940.385:ERROR:process_memory_win.cc(73)] ReadMemory at 0x7ffb84920000 of 64 bytes failed: 僅完成部分的 ReadProcessMemory 或 WriteProcessMemory 要求。 (0x12B)
[0706/145940.385:WARNING:pe_image_reader.cc(340)] could not read dos header from C:\windows\SYSTEM32\IPHLPAPI.DLL
[0706/145940.385:ERROR:process_memory_win.cc(73)] ReadMemory at 0x7ffb82900000 of 64 bytes failed: 僅完成部分的 ReadProcessMemory 或 WriteProcessMemory 要求。 (0x12B)
[0706/145940.385:WARNING:pe_image_reader.cc(340)] could not read dos header from C:\windows\SYSTEM32\WINMM.dll
[0706/145940.385:ERROR:process_memory_win.cc(73)] ReadMemory at 0x7ffb68dc0000 of 64 bytes failed: 僅完成部分的 ReadProcessMemory 或 WriteProcessMemory 要求。 (0x12B)
[0706/145940.385:WARNING:pe_image_reader.cc(340)] could not read dos header from C:\windows\SYSTEM32\Secur32.dll
[0706/145940.385:ERROR:process_memory_win.cc(73)] ReadMemory at 0x7ffb852c0000 of 64 bytes failed: 僅完成部分的 ReadProcessMemory 或 WriteProcessMemory 要求。 (0x12B)
[0706/145940.385:WARNING:pe_image_reader.cc(340)] could not read dos header from C:\windows\SYSTEM32\USERENV.dll
[0706/145940.385:ERROR:process_memory_win.cc(73)] ReadMemory at 0x7ffb853f0000 of 64 bytes failed: 僅完成部分的 ReadProcessMemory 或 WriteProcessMemory 要求。 (0x12B)
[0706/145940.385:WARNING:pe_image_reader.cc(340)] could not read dos header from C:\windows\System32\profapi.dll
[0706/145940.385:ERROR:process_memory_win.cc(73)] ReadMemory at 0x7ffb4db80000 of 64 bytes failed: 僅完成部分的 ReadProcessMemory 或 WriteProcessMemory 要求。 (0x12B)
[0706/145940.385:WARNING:pe_image_reader.cc(340)] could not read dos header from C:\windows\SYSTEM32\UIAutomationCore.DLL
[0706/145940.385:ERROR:process_memory_win.cc(73)] ReadMemory at 0x7ffb58150000 of 64 bytes failed: 僅完成部分的 ReadProcessMemory 或 WriteProcessMemory 要求。 (0x12B)
[0706/145940.385:WARNING:pe_image_reader.cc(340)] could not read dos header from C:\windows\SYSTEM32\DWrite.dll
[0706/145940.385:ERROR:process_memory_win.cc(73)] ReadMemory at 0x7ffb70190000 of 64 bytes failed: 僅完成部分的 ReadProcessMemory 或 WriteProcessMemory 要求。 (0x12B)
[0706/145940.385:WARNING:pe_image_reader.cc(340)] could not read dos header from C:\windows\SYSTEM32\WINSPOOL.DRV
[0706/145940.385:ERROR:process_memory_win.cc(73)] ReadMemory at 0x7ffb853d0000 of 64 bytes failed: 僅完成部分的 ReadProcessMemory 或 WriteProcessMemory 要求。 (0x12B)
[0706/145940.385:WARNING:pe_image_reader.cc(340)] could not read dos header from C:\windows\System32\kernel.appcore.dll
[0706/145940.385:ERROR:process_memory_win.cc(73)] ReadMemory at 0x7ffb864f0000 of 64 bytes failed: 僅完成部分的 ReadProcessMemory 或 WriteProcessMemory 要求。 (0x12B)
[0706/145940.385:WARNING:pe_image_reader.cc(340)] could not read dos header from C:\windows\System32\bcrypt.dll
[0706/145940.385:ERROR:process_memory_win.cc(73)] ReadMemory at 0x7ffb83ce0000 of 64 bytes failed: 僅完成部分的 ReadProcessMemory 或 WriteProcessMemory 要求。 (0x12B)
[0706/145940.385:WARNING:pe_image_reader.cc(340)] could not read dos header from C:\windows\SYSTEM32\dbghelp.dll
[0706/145940.385:ERROR:process_memory_win.cc(73)] ReadMemory at 0x7ffb709d0000 of 64 bytes failed: 僅完成部分的 ReadProcessMemory 或 WriteProcessMemory 要求。 (0x12B)
[0706/145940.385:WARNING:pe_image_reader.cc(340)] could not read dos header from C:\windows\SYSTEM32\WINHTTP.dll
[0706/145940.385:ERROR:process_memory_win.cc(73)] ReadMemory at 0x7ffb7bf90000 of 64 bytes failed: 僅完成部分的 ReadProcessMemory 或 WriteProcessMemory 要求。 (0x12B)
[0706/145940.385:WARNING:pe_image_reader.cc(340)] could not read dos header from C:\windows\SYSTEM32\dhcpcsvc.DLL
[0706/145940.385:ERROR:process_memory_win.cc(73)] ReadMemory at 0x7ffb86ce0000 of 64 bytes failed: 僅完成部分的 ReadProcessMemory 或 WriteProcessMemory 要求。 (0x12B)
[0706/145940.385:WARNING:pe_image_reader.cc(340)] could not read dos header from C:\windows\System32\NSI.dll
[0706/145940.385:ERROR:process_memory_win.cc(73)] ReadMemory at 0x7ffb827e0000 of 64 bytes failed: 僅完成部分的 ReadProcessMemory 或 WriteProcessMemory 要求。 (0x12B)
[0706/145940.385:WARNING:pe_image_reader.cc(340)] could not read dos header from C:\windows\SYSTEM32\WINMMBASE.dll
[0706/145940.385:ERROR:process_memory_win.cc(73)] ReadMemory at 0x7ffb86520000 of 64 bytes failed: 僅完成部分的 ReadProcessMemory 或 WriteProcessMemory 要求。 (0x12B)
[0706/145940.385:WARNING:pe_image_reader.cc(340)] could not read dos header from C:\windows\System32\cfgmgr32.dll
[0706/145940.385:ERROR:process_memory_win.cc(73)] ReadMemory at 0x7ffb82810000 of 64 bytes failed: 僅完成部分的 ReadProcessMemory 或 WriteProcessMemory 要求。 (0x12B)
[0706/145940.385:WARNING:pe_image_reader.cc(340)] could not read dos header from C:\windows\SYSTEM32\PROPSYS.dll
[0706/145940.385:ERROR:process_memory_win.cc(73)] ReadMemory at 0x7ffb87060000 of 64 bytes failed: 僅完成部分的 ReadProcessMemory 或 WriteProcessMemory 要求。 (0x12B)
[0706/145940.385:WARNING:pe_image_reader.cc(340)] could not read dos header from C:\windows\System32\shcore.dll
[0706/145940.385:ERROR:process_memory_win.cc(73)] ReadMemory at 0x7ffb85290000 of 64 bytes failed: 僅完成部分的 ReadProcessMemory 或 WriteProcessMemory 要求。 (0x12B)
[0706/145940.385:WARNING:pe_image_reader.cc(340)] could not read dos header from C:\windows\SYSTEM32\SSPICLI.DLL
[0706/145940.385:ERROR:process_memory_win.cc(73)] ReadMemory at 0x7ffb84de0000 of 64 bytes failed: 僅完成部分的 ReadProcessMemory 或 WriteProcessMemory 要求。 (0x12B)
[0706/145940.385:WARNING:pe_image_reader.cc(340)] could not read dos header from C:\windows\SYSTEM32\CRYPTBASE.DLL
[0706/145940.391:ERROR:process_memory_win.cc(73)] ReadMemory at 0x7239f3000 of 53248 bytes failed: 僅完成部分的 ReadProcessMemory 或 WriteProcessMemory 要求。 (0x12B)
[0706/145940.391:ERROR:process_memory_win.cc(73)] ReadMemory at 0x7241fd000 of 12288 bytes failed: 僅完成部分的 ReadProcessMemory 或 WriteProcessMemory 要求。 (0x12B)
[0706/145940.391:ERROR:process_memory_win.cc(73)] ReadMemory at 0x7249fc000 of 16384 bytes failed: 僅完成部分的 ReadProcessMemory 或 WriteProcessMemory 要求。 (0x12B)
[0706/145940.391:ERROR:process_memory_win.cc(73)] ReadMemory at 0x7251fc000 of 16384 bytes failed: 僅完成部分的 ReadProcessMemory 或 WriteProcessMemory 要求。 (0x12B)
[0706/145940.392:ERROR:process_memory_win.cc(73)] ReadMemory at 0x7259fc000 of 16384 bytes failed: 僅完成部分的 ReadProcessMemory 或 WriteProcessMemory 要求。 (0x12B)
[0706/145940.392:ERROR:process_memory_win.cc(73)] ReadMemory at 0x7261fe000 of 8192 bytes failed: 僅完成部分的 ReadProcessMemory 或 WriteProcessMemory 要求。 (0x12B)
[0706/145940.392:ERROR:process_memory_win.cc(73)] ReadMemory at 0x7269fd000 of 12288 bytes failed: 僅完成部分的 ReadProcessMemory 或 WriteProcessMemory 要求。 (0x12B)
[0706/145940.392:ERROR:process_memory_win.cc(73)] ReadMemory at 0x7271fb000 of 20480 bytes failed: 僅完成部分的 ReadProcessMemory 或 WriteProcessMemory 要求。 (0x12B)
[0706/145940.392:ERROR:process_memory_win.cc(73)] ReadMemory at 0x7279fd000 of 12288 bytes failed: 僅完成部分的 ReadProcessMemory 或 WriteProcessMemory 要求。 (0x12B)
[0706/145940.392:ERROR:process_memory_win.cc(73)] ReadMemory at 0x7281fd000 of 12288 bytes failed: 僅完成部分的 ReadProcessMemory 或 WriteProcessMemory 要求。 (0x12B)
[0706/145940.392:ERROR:process_memory_win.cc(73)] ReadMemory at 0x7289fd000 of 12288 bytes failed: 僅完成部分的 ReadProcessMemory 或 WriteProcessMemory 要求。 (0x12B)
[0706/145940.392:ERROR:process_memory_win.cc(73)] ReadMemory at 0x7291fd000 of 12288 bytes failed: 僅完成部分的 ReadProcessMemory 或 WriteProcessMemory 要求。 (0x12B)
[0706/145940.392:ERROR:process_memory_win.cc(73)] ReadMemory at 0x7299fd000 of 12288 bytes failed: 僅完成部分的 ReadProcessMemory 或 WriteProcessMemory 要求。 (0x12B)
[0706/145940.392:ERROR:process_memory_win.cc(73)] ReadMemory at 0x72a1fd000 of 12288 bytes failed: 僅完成部分的 ReadProcessMemory 或 WriteProcessMemory 要求。 (0x12B)
[0706/145940.392:ERROR:process_memory_win.cc(73)] ReadMemory at 0x72a9fd000 of 12288 bytes failed: 僅完成部分的 ReadProcessMemory 或 WriteProcessMemory 要求。 (0x12B)
[0706/145940.392:ERROR:process_memory_win.cc(73)] ReadMemory at 0x72b1fd000 of 12288 bytes failed: 僅完成部分的 ReadProcessMemory 或 WriteProcessMemory 要求。 (0x12B)
[0706/145940.392:ERROR:process_memory_win.cc(73)] ReadMemory at 0x72b9fd000 of 12288 bytes failed: 僅完成部分的 ReadProcessMemory 或 WriteProcessMemory 要求。 (0x12B)
[0706/145940.392:ERROR:process_memory_win.cc(73)] ReadMemory at 0x723162000 of 852 bytes failed: 僅完成部分的 ReadProcessMemory 或 WriteProcessMemory 要求。 (0x12B)
[0706/145940.392:ERROR:process_memory_win.cc(73)] ReadMemory at 0x723163000 of 6024 bytes failed: 僅完成部分的 ReadProcessMemory 或 WriteProcessMemory 要求。 (0x12B)
[0706/145940.392:ERROR:process_memory_win.cc(73)] ReadMemory at 0x723165000 of 6024 bytes failed: 僅完成部分的 ReadProcessMemory 或 WriteProcessMemory 要求。 (0x12B)
[0706/145940.392:ERROR:process_memory_win.cc(73)] ReadMemory at 0x723167000 of 6024 bytes failed: 僅完成部分的 ReadProcessMemory 或 WriteProcessMemory 要求。 (0x12B)
[0706/145940.392:ERROR:process_memory_win.cc(73)] ReadMemory at 0x723169000 of 6024 bytes failed: 僅完成部分的 ReadProcessMemory 或 WriteProcessMemory 要求。 (0x12B)
[0706/145940.392:ERROR:process_memory_win.cc(73)] ReadMemory at 0x72316b000 of 6024 bytes failed: 僅完成部分的 ReadProcessMemory 或 WriteProcessMemory 要求。 (0x12B)
[0706/145940.392:ERROR:process_memory_win.cc(73)] ReadMemory at 0x72316d000 of 6024 bytes failed: 僅完成部分的 ReadProcessMemory 或 WriteProcessMemory 要求。 (0x12B)
[0706/145940.392:ERROR:process_memory_win.cc(73)] ReadMemory at 0x72316f000 of 6024 bytes failed: 僅完成部分的 ReadProcessMemory 或 WriteProcessMemory 要求。 (0x12B)
[0706/145940.392:ERROR:process_memory_win.cc(73)] ReadMemory at 0x723171000 of 6024 bytes failed: 僅完成部分的 ReadProcessMemory 或 WriteProcessMemory 要求。 (0x12B)
[0706/145940.392:ERROR:process_memory_win.cc(73)] ReadMemory at 0x723173000 of 6024 bytes failed: 僅完成部分的 ReadProcessMemory 或 WriteProcessMemory 要求。 (0x12B)
[0706/145940.393:ERROR:process_memory_win.cc(73)] ReadMemory at 0x723175000 of 6024 bytes failed: 僅完成部分的 ReadProcessMemory 或 WriteProcessMemory 要求。 (0x12B)
[0706/145940.393:ERROR:process_memory_win.cc(73)] ReadMemory at 0x723177000 of 6024 bytes failed: 僅完成部分的 ReadProcessMemory 或 WriteProcessMemory 要求。 (0x12B)
[0706/145940.393:ERROR:process_memory_win.cc(73)] ReadMemory at 0x723179000 of 6024 bytes failed: 僅完成部分的 ReadProcessMemory 或 WriteProcessMemory 要求。 (0x12B)
[0706/145940.393:ERROR:process_memory_win.cc(73)] ReadMemory at 0x72317b000 of 6024 bytes failed: 僅完成部分的 ReadProcessMemory 或 WriteProcessMemory 要求。 (0x12B)
[0706/145940.393:ERROR:process_memory_win.cc(73)] ReadMemory at 0x72317d000 of 6024 bytes failed: 僅完成部分的 ReadProcessMemory 或 WriteProcessMemory 要求。 (0x12B)
[0706/145940.393:ERROR:process_memory_win.cc(73)] ReadMemory at 0x72317f000 of 6024 bytes failed: 僅完成部分的 ReadProcessMemory 或 WriteProcessMemory 要求。 (0x12B)
[0706/145940.393:ERROR:process_memory_win.cc(73)] ReadMemory at 0x723181000 of 6024 bytes failed: 僅完成部分的 ReadProcessMemory 或 WriteProcessMemory 要求。 (0x12B)
[0706/145940.393:ERROR:process_memory_win.cc(73)] ReadMemory at 0x723183000 of 6024 bytes failed: 僅完成部分的 ReadProcessMemory 或 WriteProcessMemory 要求。 (0x12B)
[0706/145940.393:ERROR:process_memory_win.cc(73)] ReadMemory at 0x20149db0fe0 of 4156 bytes failed: 僅完成部分的 ReadProcessMemory 或 WriteProcessMemory 要求。 (0x12B)
[0706/145940.393:ERROR:process_memory_win.cc(73)] ReadMemory at 0x20149db2030 of 1012 bytes failed: 僅完成部分的 ReadProcessMemory 或 WriteProcessMemory 要求。 (0x12B)
[0706/145940.393:ERROR:process_memory_win.cc(73)] ReadMemory at 0x20149db2678 of 118 bytes failed: 僅完成部分的 ReadProcessMemory 或 WriteProcessMemory 要求。 (0x12B)
[0706/145940.393:ERROR:process_memory_win.cc(73)] ReadMemory at 0x20149db26f0 of 756 bytes failed: 僅完成部分的 ReadProcessMemory 或 WriteProcessMemory 要求。 (0x12B)
[0706/145940.393:ERROR:process_memory_win.cc(73)] ReadMemory at 0x20149db29e6 of 118 bytes failed: 僅完成部分的 ReadProcessMemory 或 WriteProcessMemory 要求。 (0x12B)
[0706/145940.393:ERROR:process_memory_win.cc(73)] ReadMemory at 0x20149db2a5e of 98 bytes failed: 僅完成部分的 ReadProcessMemory 或 WriteProcessMemory 要求。 (0x12B)
[0706/145940.393:ERROR:process_memory_win.cc(73)] ReadMemory at 0x20149db2ad0 of 58 bytes failed: 僅完成部分的 ReadProcessMemory 或 WriteProcessMemory 要求。 (0x12B)
[0706/145940.393:ERROR:process_memory_win.cc(73)] ReadMemory at 0x20149db2bd0 of 132 bytes failed: 僅完成部分的 ReadProcessMemory 或 WriteProcessMemory 要求。 (0x12B)
[0706/145940.393:ERROR:process_memory_win.cc(73)] ReadMemory at 0x20149db2d60 of 132 bytes failed: 僅完成部分的 ReadProcessMemory 或 WriteProcessMemory 要求。 (0x12B)
[0706/145940.393:ERROR:process_memory_win.cc(73)] ReadMemory at 0x20149db2f20 of 126 bytes failed: 僅完成部分的 ReadProcessMemory 或 WriteProcessMemory 要求。 (0x12B)
[0706/145940.393:ERROR:process_memory_win.cc(73)] ReadMemory at 0x20149db3300 of 132 bytes failed: 僅完成部分的 ReadProcessMemory 或 WriteProcessMemory 要求。 (0x12B)
[0706/145940.393:ERROR:process_memory_win.cc(73)] ReadMemory at 0x20149db3490 of 64 bytes failed: 僅完成部分的 ReadProcessMemory 或 WriteProcessMemory 要求。 (0x12B)
[0706/145940.393:ERROR:process_memory_win.cc(73)] ReadMemory at 0x20149db34e0 of 132 bytes failed: 僅完成部分的 ReadProcessMemory 或 WriteProcessMemory 要求。 (0x12B)
[0706/145940.393:ERROR:process_memory_win.cc(73)] ReadMemory at 0x20149db3650 of 132 bytes failed: 僅完成部分的 ReadProcessMemory 或 WriteProcessMemory 要求。 (0x12B)
[0706/145940.393:ERROR:process_memory_win.cc(73)] ReadMemory at 0x20149db38f0 of 132 bytes failed: 僅完成部分的 ReadProcessMemory 或 WriteProcessMemory 要求。 (0x12B)
[0706/145940.393:ERROR:process_memory_win.cc(73)] ReadMemory at 0x20149db3a80 of 68 bytes failed: 僅完成部分的 ReadProcessMemory 或 WriteProcessMemory 要求。 (0x12B)
[0706/145940.393:ERROR:process_memory_win.cc(73)] ReadMemory at 0x20149db4a10 of 146 bytes failed: 僅完成部分的 ReadProcessMemory 或 WriteProcessMemory 要求。 (0x12B)
[0706/145940.393:ERROR:process_memory_win.cc(73)] ReadMemory at 0x20149db4af0 of 132 bytes failed: 僅完成部分的 ReadProcessMemory 或 WriteProcessMemory 要求。 (0x12B)
[0706/145940.393:ERROR:process_memory_win.cc(73)] ReadMemory at 0x20149db4c80 of 154 bytes failed: 僅完成部分的 ReadProcessMemory 或 WriteProcessMemory 要求。 (0x12B)
[0706/145940.393:ERROR:process_memory_win.cc(73)] ReadMemory at 0x20149db5b00 of 62 bytes failed: 僅完成部分的 ReadProcessMemory 或 WriteProcessMemory 要求。 (0x12B)
[0706/145940.394:ERROR:process_memory_win.cc(73)] ReadMemory at 0x20149db5b50 of 132 bytes failed: 僅完成部分的 ReadProcessMemory 或 WriteProcessMemory 要求。 (0x12B)
[0706/145940.394:ERROR:process_memory_win.cc(73)] ReadMemory at 0x20149db5cf0 of 132 bytes failed: 僅完成部分的 ReadProcessMemory 或 WriteProcessMemory 要求。 (0x12B)
[0706/145940.394:ERROR:process_memory_win.cc(73)] ReadMemory at 0x20149db5e20 of 60 bytes failed: 僅完成部分的 ReadProcessMemory 或 WriteProcessMemory 要求。 (0x12B)
[0706/145940.394:ERROR:process_memory_win.cc(73)] ReadMemory at 0x20149db7360 of 132 bytes failed: 僅完成部分的 ReadProcessMemory 或 WriteProcessMemory 要求。 (0x12B)
[0706/145940.394:ERROR:process_memory_win.cc(73)] ReadMemory at 0x20149db76c0 of 132 bytes failed: 僅完成部分的 ReadProcessMemory 或 WriteProcessMemory 要求。 (0x12B)
[0706/145940.394:ERROR:process_memory_win.cc(73)] ReadMemory at 0x20149db78d0 of 132 bytes failed: 僅完成部分的 ReadProcessMemory 或 WriteProcessMemory 要求。 (0x12B)
[0706/145940.394:ERROR:process_memory_win.cc(73)] ReadMemory at 0x20149dba110 of 132 bytes failed: 僅完成部分的 ReadProcessMemory 或 WriteProcessMemory 要求。 (0x12B)
[0706/145940.394:ERROR:process_memory_win.cc(73)] ReadMemory at 0x20149dba240 of 132 bytes failed: 僅完成部分的 ReadProcessMemory 或 WriteProcessMemory 要求。 (0x12B)
[0706/145940.394:ERROR:process_memory_win.cc(73)] ReadMemory at 0x20149dba4d0 of 132 bytes failed: 僅完成部分的 ReadProcessMemory 或 WriteProcessMemory 要求。 (0x12B)
[0706/145940.394:ERROR:process_memory_win.cc(73)] ReadMemory at 0x20149dba660 of 80 bytes failed: 僅完成部分的 ReadProcessMemory 或 WriteProcessMemory 要求。 (0x12B)
[0706/145940.394:ERROR:process_memory_win.cc(73)] ReadMemory at 0x20149dba780 of 64 bytes failed: 僅完成部分的 ReadProcessMemory 或 WriteProcessMemory 要求。 (0x12B)
[0706/145940.394:ERROR:process_memory_win.cc(73)] ReadMemory at 0x20149dba870 of 66 bytes failed: 僅完成部分的 ReadProcessMemory 或 WriteProcessMemory 要求。 (0x12B)
[0706/145940.394:ERROR:process_memory_win.cc(73)] ReadMemory at 0x20149dba8c0 of 64 bytes failed: 僅完成部分的 ReadProcessMemory 或 WriteProcessMemory 要求。 (0x12B)
[0706/145940.394:ERROR:process_memory_win.cc(73)] ReadMemory at 0x20149dba910 of 62 bytes failed: 僅完成部分的 ReadProcessMemory 或 WriteProcessMemory 要求。 (0x12B)
[0706/145940.394:ERROR:process_memory_win.cc(73)] ReadMemory at 0x20149dba960 of 64 bytes failed: 僅完成部分的 ReadProcessMemory 或 WriteProcessMemory 要求。 (0x12B)
[0706/145940.394:ERROR:process_memory_win.cc(73)] ReadMemory at 0x20149dba9b0 of 60 bytes failed: 僅完成部分的 ReadProcessMemory 或 WriteProcessMemory 要求。 (0x12B)
[0706/145940.394:ERROR:process_memory_win.cc(73)] ReadMemory at 0x20149dbaa50 of 60 bytes failed: 僅完成部分的 ReadProcessMemory 或 WriteProcessMemory 要求。 (0x12B)
[0706/145940.394:ERROR:process_memory_win.cc(73)] ReadMemory at 0x20149dbaaa0 of 62 bytes failed: 僅完成部分的 ReadProcessMemory 或 WriteProcessMemory 要求。 (0x12B)
[0706/145940.394:ERROR:process_memory_win.cc(73)] ReadMemory at 0x20149dbadc0 of 64 bytes failed: 僅完成部分的 ReadProcessMemory 或 WriteProcessMemory 要求。 (0x12B)
[0706/145940.394:ERROR:process_memory_win.cc(73)] ReadMemory at 0x20149dbb4f0 of 132 bytes failed: 僅完成部分的 ReadProcessMemory 或 WriteProcessMemory 要求。 (0x12B)
[0706/145940.394:ERROR:process_memory_win.cc(73)] ReadMemory at 0x20149dbb620 of 132 bytes failed: 僅完成部分的 ReadProcessMemory 或 WriteProcessMemory 要求。 (0x12B)
[0706/145940.394:ERROR:process_memory_win.cc(73)] ReadMemory at 0x20149dbb750 of 132 bytes failed: 僅完成部分的 ReadProcessMemory 或 WriteProcessMemory 要求。 (0x12B)
[0706/145940.394:ERROR:process_memory_win.cc(73)] ReadMemory at 0x20149dbb880 of 132 bytes failed: 僅完成部分的 ReadProcessMemory 或 WriteProcessMemory 要求。 (0x12B)
[0706/145940.394:ERROR:process_memory_win.cc(73)] ReadMemory at 0x20149dbb9b0 of 132 bytes failed: 僅完成部分的 ReadProcessMemory 或 WriteProcessMemory 要求。 (0x12B)
[0706/145940.394:ERROR:process_memory_win.cc(73)] ReadMemory at 0x20149dbbae0 of 132 bytes failed: 僅完成部分的 ReadProcessMemory 或 WriteProcessMemory 要求。 (0x12B)
[0706/145940.394:ERROR:process_memory_win.cc(73)] ReadMemory at 0x20149dbbc10 of 132 bytes failed: 僅完成部分的 ReadProcessMemory 或 WriteProcessMemory 要求。 (0x12B)
[0706/145940.394:ERROR:process_memory_win.cc(73)] ReadMemory at 0x20149dbbd40 of 132 bytes failed: 僅完成部分的 ReadProcessMemory 或 WriteProcessMemory 要求。 (0x12B)
[0706/145940.395:ERROR:process_memory_win.cc(73)] ReadMemory at 0x20149dbbe70 of 132 bytes failed: 僅完成部分的 ReadProcessMemory 或 WriteProcessMemory 要求。 (0x12B)
[0706/145940.395:ERROR:process_memory_win.cc(73)] ReadMemory at 0x20149dbbfa0 of 132 bytes failed: 僅完成部分的 ReadProcessMemory 或 WriteProcessMemory 要求。 (0x12B)
[0706/145940.395:ERROR:process_memory_win.cc(73)] ReadMemory at 0x20149dbc0d0 of 132 bytes failed: 僅完成部分的 ReadProcessMemory 或 WriteProcessMemory 要求。 (0x12B)
[0706/145940.395:ERROR:process_memory_win.cc(73)] ReadMemory at 0x20149dbc200 of 132 bytes failed: 僅完成部分的 ReadProcessMemory 或 WriteProcessMemory 要求。 (0x12B)
[0706/145940.395:ERROR:process_memory_win.cc(73)] ReadMemory at 0x20149dbdb60 of 132 bytes failed: 僅完成部分的 ReadProcessMemory 或 WriteProcessMemory 要求。 (0x12B)
[0706/145940.395:ERROR:process_memory_win.cc(73)] ReadMemory at 0x20149dbe690 of 132 bytes failed: 僅完成部分的 ReadProcessMemory 或 WriteProcessMemory 要求。 (0x12B)
[0706/145940.395:ERROR:process_memory_win.cc(73)] ReadMemory at 0x20149dc4060 of 54 bytes failed: 僅完成部分的 ReadProcessMemory 或 WriteProcessMemory 要求。 (0x12B)
[0706/145940.395:ERROR:process_memory_win.cc(73)] ReadMemory at 0x20149dc5040 of 60 bytes failed: 僅完成部分的 ReadProcessMemory 或 WriteProcessMemory 要求。 (0x12B)
[0706/145940.395:ERROR:process_memory_win.cc(73)] ReadMemory at 0x20149dc5090 of 62 bytes failed: 僅完成部分的 ReadProcessMemory 或 WriteProcessMemory 要求。 (0x12B)
[0706/145940.395:ERROR:process_memory_win.cc(73)] ReadMemory at 0x20149dc51d0 of 64 bytes failed: 僅完成部分的 ReadProcessMemory 或 WriteProcessMemory 要求。 (0x12B)
[0706/145940.395:ERROR:process_memory_win.cc(73)] ReadMemory at 0x20149dc5220 of 60 bytes failed: 僅完成部分的 ReadProcessMemory 或 WriteProcessMemory 要求。 (0x12B)
[0706/145940.395:ERROR:process_memory_win.cc(73)] ReadMemory at 0x20149dc5270 of 62 bytes failed: 僅完成部分的 ReadProcessMemory 或 WriteProcessMemory 要求。 (0x12B)
[0706/145940.395:ERROR:process_memory_win.cc(73)] ReadMemory at 0x20149dc52c0 of 64 bytes failed: 僅完成部分的 ReadProcessMemory 或 WriteProcessMemory 要求。 (0x12B)
[0706/145940.395:ERROR:process_memory_win.cc(73)] ReadMemory at 0x20149dc5310 of 64 bytes failed: 僅完成部分的 ReadProcessMemory 或 WriteProcessMemory 要求。 (0x12B)
[0706/145940.395:ERROR:process_memory_win.cc(73)] ReadMemory at 0x20149dc5360 of 62 bytes failed: 僅完成部分的 ReadProcessMemory 或 WriteProcessMemory 要求。 (0x12B)
[0706/145940.395:ERROR:process_memory_win.cc(73)] ReadMemory at 0x20149dc5450 of 66 bytes failed: 僅完成部分的 ReadProcessMemory 或 WriteProcessMemory 要求。 (0x12B)
[0706/145940.395:ERROR:process_memory_win.cc(73)] ReadMemory at 0x20149dc5590 of 62 bytes failed: 僅完成部分的 ReadProcessMemory 或 WriteProcessMemory 要求。 (0x12B)
[0706/145940.395:ERROR:process_memory_win.cc(73)] ReadMemory at 0x20149dc5680 of 62 bytes failed: 僅完成部分的 ReadProcessMemory 或 WriteProcessMemory 要求。 (0x12B)
[0706/145940.395:ERROR:process_memory_win.cc(73)] ReadMemory at 0x20149dc5770 of 62 bytes failed: 僅完成部分的 ReadProcessMemory 或 WriteProcessMemory 要求。 (0x12B)
[0706/145940.395:ERROR:process_memory_win.cc(73)] ReadMemory at 0x20149dc5950 of 60 bytes failed: 僅完成部分的 ReadProcessMemory 或 WriteProcessMemory 要求。 (0x12B)
[0706/145940.395:ERROR:process_memory_win.cc(73)] ReadMemory at 0x20149dc59f0 of 62 bytes failed: 僅完成部分的 ReadProcessMemory 或 WriteProcessMemory 要求。 (0x12B)
[0706/145940.395:ERROR:process_memory_win.cc(73)] ReadMemory at 0x20149dc5b30 of 64 bytes failed: 僅完成部分的 ReadProcessMemory 或 WriteProcessMemory 要求。 (0x12B)
[0706/145940.395:ERROR:process_memory_win.cc(73)] ReadMemory at 0x20149dc5b80 of 62 bytes failed: 僅完成部分的 ReadProcessMemory 或 WriteProcessMemory 要求。 (0x12B)
[0706/145940.395:ERROR:process_memory_win.cc(73)] ReadMemory at 0x20149dc5c70 of 58 bytes failed: 僅完成部分的 ReadProcessMemory 或 WriteProcessMemory 要求。 (0x12B)
[0706/145940.395:ERROR:process_memory_win.cc(73)] ReadMemory at 0x20149dc5d60 of 60 bytes failed: 僅完成部分的 ReadProcessMemory 或 WriteProcessMemory 要求。 (0x12B)
[0706/145940.395:ERROR:process_memory_win.cc(73)] ReadMemory at 0x20149dc6260 of 80 bytes failed: 僅完成部分的 ReadProcessMemory 或 WriteProcessMemory 要求。 (0x12B)
[0706/145940.395:ERROR:process_memory_win.cc(73)] ReadMemory at 0x20149dc6a40 of 76 bytes failed: 僅完成部分的 ReadProcessMemory 或 WriteProcessMemory 要求。 (0x12B)
[0706/145940.395:ERROR:process_memory_win.cc(73)] ReadMemory at 0x20149dc70a0 of 132 bytes failed: 僅完成部分的 ReadProcessMemory 或 WriteProcessMemory 要求。 (0x12B)
[0706/145940.395:ERROR:process_memory_win.cc(73)] ReadMemory at 0x20149dc7300 of 132 bytes failed: 僅完成部分的 ReadProcessMemory 或 WriteProcessMemory 要求。 (0x12B)
[0706/145940.396:ERROR:process_memory_win.cc(73)] ReadMemory at 0x20149dc7430 of 132 bytes failed: 僅完成部分的 ReadProcessMemory 或 WriteProcessMemory 要求。 (0x12B)
[0706/145940.396:ERROR:process_memory_win.cc(73)] ReadMemory at 0x20149dc7560 of 132 bytes failed: 僅完成部分的 ReadProcessMemory 或 WriteProcessMemory 要求。 (0x12B)
[0706/145940.396:ERROR:process_memory_win.cc(73)] ReadMemory at 0x20149dc77c0 of 132 bytes failed: 僅完成部分的 ReadProcessMemory 或 WriteProcessMemory 要求。 (0x12B)
[0706/145940.396:ERROR:process_memory_win.cc(73)] ReadMemory at 0x20149dc7b50 of 132 bytes failed: 僅完成部分的 ReadProcessMemory 或 WriteProcessMemory 要求。 (0x12B)
[0706/145940.396:ERROR:process_memory_win.cc(73)] ReadMemory at 0x20149dc7c80 of 132 bytes failed: 僅完成部分的 ReadProcessMemory 或 WriteProcessMemory 要求。 (0x12B)
[0706/145940.396:ERROR:process_memory_win.cc(73)] ReadMemory at 0x20149dc8270 of 132 bytes failed: 僅完成部分的 ReadProcessMemory 或 WriteProcessMemory 要求。 (0x12B)
[0706/145940.396:ERROR:process_memory_win.cc(73)] ReadMemory at 0x20149dc8860 of 132 bytes failed: 僅完成部分的 ReadProcessMemory 或 WriteProcessMemory 要求。 (0x12B)
[0706/145940.396:ERROR:process_memory_win.cc(73)] ReadMemory at 0x20149dc8d20 of 132 bytes failed: 僅完成部分的 ReadProcessMemory 或 WriteProcessMemory 要求。 (0x12B)
[0706/145940.396:ERROR:process_memory_win.cc(73)] ReadMemory at 0x20149ddda80 of 512 bytes failed: 僅完成部分的 ReadProcessMemory 或 WriteProcessMemory 要求。 (0x12B)
[0706/145940.396:ERROR:process_memory_win.cc(73)] ReadMemory at 0x20149dde830 of 512 bytes failed: 僅完成部分的 ReadProcessMemory 或 WriteProcessMemory 要求。 (0x12B)
[0706/145940.396:ERROR:process_memory_win.cc(73)] ReadMemory at 0x2014a5910c0 of 512 bytes failed: 僅完成部分的 ReadProcessMemory 或 WriteProcessMemory 要求。 (0x12B)
[0706/145940.396:ERROR:process_memory_win.cc(73)] ReadMemory at 0x2014a650000 of 384 bytes failed: 僅完成部分的 ReadProcessMemory 或 WriteProcessMemory 要求。 (0x12B)
[0706/145940.396:ERROR:process_memory_win.cc(73)] ReadMemory at 0x2014a68b020 of 512 bytes failed: 僅完成部分的 ReadProcessMemory 或 WriteProcessMemory 要求。 (0x12B)
[0706/145940.396:ERROR:process_memory_win.cc(73)] ReadMemory at 0x2014a690170 of 512 bytes failed: 僅完成部分的 ReadProcessMemory 或 WriteProcessMemory 要求。 (0x12B)
[0706/145940.396:ERROR:process_memory_win.cc(73)] ReadMemory at 0x2014a6a9cc0 of 712 bytes failed: 僅完成部分的 ReadProcessMemory 或 WriteProcessMemory 要求。 (0x12B)
[0706/145940.396:ERROR:process_memory_win.cc(73)] ReadMemory at 0x2014a6ab3f0 of 512 bytes failed: 僅完成部分的 ReadProcessMemory 或 WriteProcessMemory 要求。 (0x12B)
[0706/145940.396:ERROR:process_memory_win.cc(73)] ReadMemory at 0x2014a6c0cd0 of 512 bytes failed: 僅完成部分的 ReadProcessMemory 或 WriteProcessMemory 要求。 (0x12B)
[0706/145940.396:ERROR:process_memory_win.cc(73)] ReadMemory at 0x2014a6f2d70 of 512 bytes failed: 僅完成部分的 ReadProcessMemory 或 WriteProcessMemory 要求。 (0x12B)
[0706/145940.396:ERROR:process_memory_win.cc(73)] ReadMemory at 0x2014be3e030 of 512 bytes failed: 僅完成部分的 ReadProcessMemory 或 WriteProcessMemory 要求。 (0x12B)
[0706/145940.396:ERROR:process_memory_win.cc(73)] ReadMemory at 0x1c89bd88ca88 of 512 bytes failed: 僅完成部分的 ReadProcessMemory 或 WriteProcessMemory 要求。 (0x12B)
[0706/145940.396:ERROR:process_memory_win.cc(73)] ReadMemory at 0x7ffaf7a38cfc of 512 bytes failed: 僅完成部分的 ReadProcessMemory 或 WriteProcessMemory 要求。 (0x12B)
[0706/145940.396:ERROR:process_memory_win.cc(73)] ReadMemory at 0x7ffaf89667e1 of 512 bytes failed: 僅完成部分的 ReadProcessMemory 或 WriteProcessMemory 要求。 (0x12B)
[0706/145940.396:ERROR:process_memory_win.cc(73)] ReadMemory at 0x7ffafcbba568 of 512 bytes failed: 僅完成部分的 ReadProcessMemory 或 WriteProcessMemory 要求。 (0x12B)
[0706/145940.396:ERROR:process_memory_win.cc(73)] ReadMemory at 0x7ffb85cfc6e0 of 512 bytes failed: 僅完成部分的 ReadProcessMemory 或 WriteProcessMemory 要求。 (0x12B)
[0706/145940.396:ERROR:process_memory_win.cc(73)] ReadMemory at 0x7ffb8857c074 of 672 bytes failed: 僅完成部分的 ReadProcessMemory 或 WriteProcessMemory 要求。 (0x12B)
[0706/145940.396:ERROR:process_memory_win.cc(73)] ReadMemory at 0x7ffb8857c674 of 512 bytes failed: 僅完成部分的 ReadProcessMemory 或 WriteProcessMemory 要求。 (0x12B)
[0706/145940.397:ERROR:process_memory_win.cc(73)] ReadMemory at 0x7ffb8857f924 of 608 bytes failed: 僅完成部分的 ReadProcessMemory 或 WriteProcessMemory 要求。 (0x12B)
[0706/145940.397:ERROR:process_memory_win.cc(73)] ReadMemory at 0x7ffb8860c428 of 18 bytes failed: 僅完成部分的 ReadProcessMemory 或 WriteProcessMemory 要求。 (0x12B)
[0706/145940.397:ERROR:process_memory_win.cc(73)] ReadMemory at 0x7ffb8863f4f8 of 40 bytes failed: 僅完成部分的 ReadProcessMemory 或 WriteProcessMemory 要求。 (0x12B)
[0706/145940.397:ERROR:process_memory_win.cc(73)] ReadMemory at 0x7ffb8863f978 of 48 bytes failed: 僅完成部分的 ReadProcessMemory 或 WriteProcessMemory 要求。 (0x12B)
[0706/145940.397:ERROR:process_memory_win.cc(73)] ReadMemory at 0x7ffb886453c0 of 64 bytes failed: 僅完成部分的 ReadProcessMemory 或 WriteProcessMemory 要求。 (0x12B)
[0706/145940.397:ERROR:scoped_process_suspend.cc(40)] NtResumeProcess: 嘗試存取現有的處理程序。 (0xc000010a)
